1555090222786	mozrunner::runner	INFO	Running command: "/usr/bin/firefox" "-marionette" "-foreground" "-no-remote" "-profile" "/tmp/rust_mozprofile.WKw6RTuc9GpT"
1555090226891	addons.webextension.screenshots@mozilla.org	WARN	Loading extension 'screenshots@mozilla.org': Reading manifest: Invalid extension permission: mozillaAddons
1555090226892	addons.webextension.screenshots@mozilla.org	WARN	Loading extension 'screenshots@mozilla.org': Reading manifest: Invalid extension permission: resource://pdf.js/
1555090226892	addons.webextension.screenshots@mozilla.org	WARN	Loading extension 'screenshots@mozilla.org': Reading manifest: Invalid extension permission: about:reader*
1555090232891	Marionette	INFO	Listening on port 42969
1555090232991	Marionette	WARN	TLS certificate errors will be ignored for this session
[Parent 32207, Gecko_IOThread] WARNING: pipe error (79): Connection reset by peer: file /build/firefox-jjM0Oy/firefox-66.0.2+build1/ipc/chromium/src/chrome/common/ipc_channel_posix.cc, line 357
[Parent 32207, Gecko_IOThread] WARNING: pipe error (93): Connection reset by peer: file /build/firefox-jjM0Oy/firefox-66.0.2+build1/ipc/chromium/src/chrome/common/ipc_channel_posix.cc, line 357
1555090265623	Marionette	INFO	Stopped listening on port 42969
1555090277138	mozrunner::runner	INFO	Running command: "/usr/bin/firefox" "-marionette" "-foreground" "-no-remote" "-profile" "/tmp/rust_mozprofile.pNmLwKxg3ZWe"
1555090277554	addons.webextension.screenshots@mozilla.org	WARN	Loading extension 'screenshots@mozilla.org': Reading manifest: Invalid extension permission: mozillaAddons
1555090277555	addons.webextension.screenshots@mozilla.org	WARN	Loading extension 'screenshots@mozilla.org': Reading manifest: Invalid extension permission: resource://pdf.js/
1555090277555	addons.webextension.screenshots@mozilla.org	WARN	Loading extension 'screenshots@mozilla.org': Reading manifest: Invalid extension permission: about:reader*
1555090279918	Marionette	INFO	Listening on port 38971
1555090279952	Marionette	WARN	TLS certificate errors will be ignored for this session
[Parent 32601, Gecko_IOThread] WARNING: pipe error: Broken pipe: file /build/firefox-jjM0Oy/firefox-66.0.2+build1/ipc/chromium/src/chrome/common/ipc_channel_posix.cc, line 726
JavaScript warning: https://www.google.co.in/maps?q=22.319944888888887,+87.29847138888888 line 1461 > scriptElement, line 3099: Error: WebGL warning: texSubImage2D: Texture has not been initialized prior to a partial upload, forcing the browser to clear it. This may be slow.
JavaScript warning: https://www.google.co.in/maps?q=22.319944888888887,+87.29847138888888 line 1461 > scriptElement, line 3098: Error: WebGL warning: texSubImage2D: Texture has not been initialized prior to a partial upload, forcing the browser to clear it. This may be slow.
JavaScript warning: https://www.google.co.in/maps?q=22.319944888888887,+87.29847138888888 line 1461 > scriptElement, line 3099: Error: WebGL warning: texSubImage2D: Texture has not been initialized prior to a partial upload, forcing the browser to clear it. This may be slow.
JavaScript warning: https://www.google.co.in/maps?q=22.319944888888887,+87.29847138888888 line 1461 > scriptElement, line 3099: Error: WebGL warning: texSubImage2D: Texture has not been initialized prior to a partial upload, forcing the browser to clear it. This may be slow.
JavaScript warning: https://www.google.co.in/maps?q=22.319944888888887,+87.29847138888888 line 1461 > scriptElement, line 3099: Error: WebGL warning: texSubImage2D: Texture has not been initialized prior to a partial upload, forcing the browser to clear it. This may be slow.
JavaScript warning: https://www.google.co.in/maps?q=22.319944888888887,+87.29847138888888 line 1461 > scriptElement, line 3099: Error: WebGL warning: texSubImage2D: Texture has not been initialized prior to a partial upload, forcing the browser to clear it. This may be slow.
console.error: BroadcastService: 
  receivedBroadcastMessage: handler for
  remote-settings/monitor_changes
  threw error:
  Message: Error: Polling for changes failed: NetworkError when attempting to fetch resource..
  Stack:
    remoteSettingsFunction/remoteSettings.pollChanges@resource://services-settings/remote-settings.js:190:13

JavaScript warning: https://www.google.co.in/maps?q=22.319944888888887,+87.29847138888888 line 1461 > scriptElement, line 3117: Error: WebGL warning: copyTexSubImage2D: Texture has not been initialized prior to a partial upload, forcing the browser to clear it. This may be slow.
[Parent 32601, Gecko_IOThread] WARNING: pipe error (79): Connection reset by peer: file /build/firefox-jjM0Oy/firefox-66.0.2+build1/ipc/chromium/src/chrome/common/ipc_channel_posix.cc, line 357
[Parent 32601, Gecko_IOThread] WARNING: pipe error (96): Connection reset by peer: file /build/firefox-jjM0Oy/firefox-66.0.2+build1/ipc/chromium/src/chrome/common/ipc_channel_posix.cc, line 357
1555090337659	Marionette	INFO	Stopped listening on port 38971
1555090381426	mozrunner::runner	INFO	Running command: "/usr/bin/firefox" "-marionette" "-foreground" "-no-remote" "-profile" "/tmp/rust_mozprofile.tciZ6mPaLc0M"
1555090381848	addons.webextension.screenshots@mozilla.org	WARN	Loading extension 'screenshots@mozilla.org': Reading manifest: Invalid extension permission: mozillaAddons
1555090381848	addons.webextension.screenshots@mozilla.org	WARN	Loading extension 'screenshots@mozilla.org': Reading manifest: Invalid extension permission: resource://pdf.js/
1555090381849	addons.webextension.screenshots@mozilla.org	WARN	Loading extension 'screenshots@mozilla.org': Reading manifest: Invalid extension permission: about:reader*
1555090384205	Marionette	INFO	Listening on port 44761
1555090384244	Marionette	WARN	TLS certificate errors will be ignored for this session
[Parent 559, Gecko_IOThread] WARNING: pipe error: Broken pipe: file /build/firefox-jjM0Oy/firefox-66.0.2+build1/ipc/chromium/src/chrome/common/ipc_channel_posix.cc, line 726
[Parent 559, Gecko_IOThread] WARNING: pipe error (78): Connection reset by peer: file /build/firefox-jjM0Oy/firefox-66.0.2+build1/ipc/chromium/src/chrome/common/ipc_channel_posix.cc, line 357
[Parent 559, Gecko_IOThread] WARNING: pipe error (89): Connection reset by peer: file /build/firefox-jjM0Oy/firefox-66.0.2+build1/ipc/chromium/src/chrome/common/ipc_channel_posix.cc, line 357
1555090406103	Marionette	INFO	Stopped listening on port 44761
1555090457351	mozrunner::runner	INFO	Running command: "/usr/bin/firefox" "-marionette" "-foreground" "-no-remote" "-profile" "/tmp/rust_mozprofile.BFoT0INllS4B"
1555090457766	addons.webextension.screenshots@mozilla.org	WARN	Loading extension 'screenshots@mozilla.org': Reading manifest: Invalid extension permission: mozillaAddons
1555090457767	addons.webextension.screenshots@mozilla.org	WARN	Loading extension 'screenshots@mozilla.org': Reading manifest: Invalid extension permission: resource://pdf.js/
1555090457767	addons.webextension.screenshots@mozilla.org	WARN	Loading extension 'screenshots@mozilla.org': Reading manifest: Invalid extension permission: about:reader*
1555090460128	Marionette	INFO	Listening on port 41793
1555090460169	Marionette	WARN	TLS certificate errors will be ignored for this session
[Parent 987, Gecko_IOThread] WARNING: pipe error: Broken pipe: file /build/firefox-jjM0Oy/firefox-66.0.2+build1/ipc/chromium/src/chrome/common/ipc_channel_posix.cc, line 726
JavaScript warning: https://www.google.co.in/maps?q=22.319944888888887,+87.29847138888888 line 1461 > scriptElement, line 3099: Error: WebGL warning: texSubImage2D: Texture has not been initialized prior to a partial upload, forcing the browser to clear it. This may be slow.
JavaScript warning: https://www.google.co.in/maps?q=22.319944888888887,+87.29847138888888 line 1461 > scriptElement, line 3098: Error: WebGL warning: texSubImage2D: Texture has not been initialized prior to a partial upload, forcing the browser to clear it. This may be slow.
JavaScript warning: https://www.google.co.in/maps?q=22.319944888888887,+87.29847138888888 line 1461 > scriptElement, line 3099: Error: WebGL warning: texSubImage2D: Texture has not been initialized prior to a partial upload, forcing the browser to clear it. This may be slow.
JavaScript warning: https://www.google.co.in/maps?q=22.319944888888887,+87.29847138888888 line 1461 > scriptElement, line 3099: Error: WebGL warning: texSubImage2D: Texture has not been initialized prior to a partial upload, forcing the browser to clear it. This may be slow.
JavaScript warning: https://www.google.co.in/maps?q=22.319944888888887,+87.29847138888888 line 1461 > scriptElement, line 3099: Error: WebGL warning: texSubImage2D: Texture has not been initialized prior to a partial upload, forcing the browser to clear it. This may be slow.
JavaScript warning: https://www.google.co.in/maps?q=22.319944888888887,+87.29847138888888 line 1461 > scriptElement, line 3099: Error: WebGL warning: texSubImage2D: Texture has not been initialized prior to a partial upload, forcing the browser to clear it. This may be slow.
JavaScript warning: https://www.google.co.in/maps?q=22.319944888888887,+87.29847138888888 line 1461 > scriptElement, line 3117: Error: WebGL warning: copyTexSubImage2D: Texture has not been initialized prior to a partial upload, forcing the browser to clear it. This may be slow.
console.error: BroadcastService: 
  receivedBroadcastMessage: handler for
  remote-settings/monitor_changes
  threw error:
  Message: Error: Polling for changes failed: NetworkError when attempting to fetch resource..
  Stack:
    remoteSettingsFunction/remoteSettings.pollChanges@resource://services-settings/remote-settings.js:190:13

1555090917045	mozrunner::runner	INFO	Running command: "/usr/bin/firefox" "-marionette" "-foreground" "-no-remote" "-profile" "/tmp/rust_mozprofile.1C6wN0TQpGZG"
1555090917463	addons.webextension.screenshots@mozilla.org	WARN	Loading extension 'screenshots@mozilla.org': Reading manifest: Invalid extension permission: mozillaAddons
1555090917463	addons.webextension.screenshots@mozilla.org	WARN	Loading extension 'screenshots@mozilla.org': Reading manifest: Invalid extension permission: resource://pdf.js/
1555090917464	addons.webextension.screenshots@mozilla.org	WARN	Loading extension 'screenshots@mozilla.org': Reading manifest: Invalid extension permission: about:reader*
